This file contains any messages produced by compilers while
running configure, to aid debugging if configure makes a mistake.

It was created by readline configure 5.0-rc1, which was
generated by GNU Autoconf 2.57.  Invocation command line was

  $ ./configure --disable-dynamic --enable-static

## --------- ##
## Platform. ##
## --------- ##

hostname = tucana.tuc.noao.edu
uname -m = i686
uname -r = 2.4.29-4aslsmp
uname -s = Linux
uname -v = #1 SMP Wed Feb 16 05:07:51 EST 2005

/usr/bin/uname -p = unknown
/bin/uname -X     = unknown

/bin/arch              = i686
/usr/bin/arch -k       = unknown
/usr/convex/getsysinfo = unknown
hostinfo               = unknown
/bin/machine           = unknown
/usr/bin/oslevel       = unknown
/bin/universe          = unknown

PATH: .
PATH: /iraf/iraf/local/bin
PATH: /sbin
PATH: /bin
PATH: /usr/sbin
PATH: /usr/bin
PATH: /usr/games
PATH: /usr/local/bin
PATH: /usr/local/sbin
PATH: /usr/X11R6/bin


## ----------- ##
## Core tests. ##
## ----------- ##

configure:1327: checking build system type
configure:1345: result: i686-pc-linux-gnu
configure:1353: checking host system type
configure:1367: result: i686-pc-linux-gnu
configure:1423: checking whether make sets $(MAKE)
configure:1443: result: yes
configure:1498: checking for gcc
configure:1524: result: gcc
configure:1768: checking for C compiler version
configure:1771: gcc --version </dev/null >&5
gcc (GCC) 3.2.2 20030222 (Red Hat Linux 3.2.2-5)
Copyright (C) 2002 Free Software Foundation, Inc.
This is free software; see the source for copying conditions.  There is NO
warranty; not even for MERCHANTABILITY or FITNESS FOR A PARTICULAR PURPOSE.

configure:1774: $? = 0
configure:1776: gcc -v </dev/null >&5
Reading specs from /usr/lib/gcc-lib/i386-redhat-linux/3.2.2/specs
Configured with: ../configure --prefix=/usr --mandir=/usr/share/man --infodir=/usr/share/info --enable-shared --enable-threads=posix --disable-checking --with-system-zlib --enable-__cxa_atexit --host=i386-redhat-linux
Thread model: posix
gcc version 3.2.2 20030222 (Red Hat Linux 3.2.2-5)
configure:1779: $? = 0
configure:1781: gcc -V </dev/null >&5
gcc: argument to `-V' is missing
configure:1784: $? = 1
configure:1808: checking for C compiler default output
configure:1811: gcc -g   conftest.c  >&5
configure:1814: $? = 0
configure:1860: result: a.out
configure:1865: checking whether the C compiler works
configure:1871: ./a.out
configure:1874: $? = 0
configure:1891: result: yes
configure:1898: checking whether we are cross compiling
configure:1900: result: no
configure:1903: checking for suffix of executables
configure:1905: gcc -o conftest -g   conftest.c  >&5
configure:1908: $? = 0
configure:1933: result: 
configure:1939: checking for suffix of object files
configure:1961: gcc -c -g  conftest.c >&5
configure:1964: $? = 0
configure:1986: result: o
configure:1990: checking whether we are using the GNU C compiler
configure:2015: gcc -c -g  conftest.c >&5
configure:2018: $? = 0
configure:2021: test -s conftest.o
configure:2024: $? = 0
configure:2037: result: yes
configure:2043: checking whether gcc accepts -g
configure:2065: gcc -c -g  conftest.c >&5
configure:2068: $? = 0
configure:2071: test -s conftest.o
configure:2074: $? = 0
configure:2085: result: yes
configure:2102: checking for gcc option to accept ANSI C
configure:2163: gcc  -c -g  conftest.c >&5
configure:2166: $? = 0
configure:2169: test -s conftest.o
configure:2172: $? = 0
configure:2190: result: none needed
configure:2208: gcc -c -g  conftest.c >&5
conftest.c:2: parse error before "me"
configure:2211: $? = 1
configure: failed program was:
| #ifndef __cplusplus
|   choke me
| #endif
configure:2326: checking how to run the C preprocessor
configure:2362: gcc -E  conftest.c
configure:2368: $? = 0
configure:2400: gcc -E  conftest.c
configure:2399:28: ac_nonexistent.h: No such file or directory
configure:2406: $? = 1
configure: failed program was:
| #line 2391 "configure"
| /* confdefs.h.  */
| 
| #define PACKAGE_NAME "readline"
| #define PACKAGE_TARNAME "readline"
| #define PACKAGE_VERSION "5.0-rc1"
| #define PACKAGE_STRING "readline 5.0-rc1"
| #define PACKAGE_BUGREPORT "bug-readline@gnu.org"
| /* end confdefs.h.  */
| #include <ac_nonexistent.h>
configure:2444: result: gcc -E
configure:2469: gcc -E  conftest.c
configure:2475: $? = 0
configure:2507: gcc -E  conftest.c
configure:2506:28: ac_nonexistent.h: No such file or directory
configure:2513: $? = 1
configure: failed program was:
| #line 2498 "configure"
| /* confdefs.h.  */
| 
| #define PACKAGE_NAME "readline"
| #define PACKAGE_TARNAME "readline"
| #define PACKAGE_VERSION "5.0-rc1"
| #define PACKAGE_STRING "readline 5.0-rc1"
| #define PACKAGE_BUGREPORT "bug-readline@gnu.org"
| /* end confdefs.h.  */
| #include <ac_nonexistent.h>
configure:2556: checking for egrep
configure:2566: result: grep -E
configure:2571: checking for ANSI C header files
configure:2597: gcc -c -g  conftest.c >&5
configure:2600: $? = 0
configure:2603: test -s conftest.o
configure:2606: $? = 0
configure:2695: gcc -o conftest -g   conftest.c  >&5
configure:2698: $? = 0
configure:2700: ./conftest
configure:2703: $? = 0
configure:2718: result: yes
configure:2742: checking for sys/types.h
configure:2759: gcc -c -g  conftest.c >&5
configure:2762: $? = 0
configure:2765: test -s conftest.o
configure:2768: $? = 0
configure:2779: result: yes
configure:2742: checking for sys/stat.h
configure:2759: gcc -c -g  conftest.c >&5
configure:2762: $? = 0
configure:2765: test -s conftest.o
configure:2768: $? = 0
configure:2779: result: yes
configure:2742: checking for stdlib.h
configure:2759: gcc -c -g  conftest.c >&5
configure:2762: $? = 0
configure:2765: test -s conftest.o
configure:2768: $? = 0
configure:2779: result: yes
configure:2742: checking for string.h
configure:2759: gcc -c -g  conftest.c >&5
configure:2762: $? = 0
configure:2765: test -s conftest.o
configure:2768: $? = 0
configure:2779: result: yes
configure:2742: checking for memory.h
configure:2759: gcc -c -g  conftest.c >&5
configure:2762: $? = 0
configure:2765: test -s conftest.o
configure:2768: $? = 0
configure:2779: result: yes
configure:2742: checking for strings.h
configure:2759: gcc -c -g  conftest.c >&5
configure:2762: $? = 0
configure:2765: test -s conftest.o
configure:2768: $? = 0
configure:2779: result: yes
configure:2742: checking for inttypes.h
configure:2759: gcc -c -g  conftest.c >&5
configure:2762: $? = 0
configure:2765: test -s conftest.o
configure:2768: $? = 0
configure:2779: result: yes
configure:2742: checking for stdint.h
configure:2759: gcc -c -g  conftest.c >&5
configure:2762: $? = 0
configure:2765: test -s conftest.o
configure:2768: $? = 0
configure:2779: result: yes
configure:2742: checking for unistd.h
configure:2759: gcc -c -g  conftest.c >&5
configure:2762: $? = 0
configure:2765: test -s conftest.o
configure:2768: $? = 0
configure:2779: result: yes
configure:2801: checking minix/config.h usability
configure:2814: gcc -c -g  conftest.c >&5
configure:2855:26: minix/config.h: No such file or directory
configure:2817: $? = 1
configure: failed program was:
| #line 2803 "configure"
| /* confdefs.h.  */
| 
| #define PACKAGE_NAME "readline"
| #define PACKAGE_TARNAME "readline"
| #define PACKAGE_VERSION "5.0-rc1"
| #define PACKAGE_STRING "readline 5.0-rc1"
| #define PACKAGE_BUGREPORT "bug-readline@gnu.org"
| #define STDC_HEADERS 1
| #define HAVE_SYS_TYPES_H 1
| #define HAVE_SYS_STAT_H 1
| #define HAVE_STDLIB_H 1
| #define HAVE_STRING_H 1
| #define HAVE_MEMORY_H 1
| #define HAVE_STRINGS_H 1
| #define HAVE_INTTYPES_H 1
| #define HAVE_STDINT_H 1
| #define HAVE_UNISTD_H 1
| /* end confdefs.h.  */
| #include <stdio.h>
| #if HAVE_SYS_TYPES_H
| # include <sys/types.h>
| #endif
| #if HAVE_SYS_STAT_H
| # include <sys/stat.h>
| #endif
| #if STDC_HEADERS
| # include <stdlib.h>
| # include <stddef.h>
| #else
| # if HAVE_STDLIB_H
| #  include <stdlib.h>
| # endif
| #endif
| #if HAVE_STRING_H
| # if !STDC_HEADERS && HAVE_MEMORY_H
| #  include <memory.h>
| # endif
| # include <string.h>
| #endif
| #if HAVE_STRINGS_H
| # include <strings.h>
| #endif
| #if HAVE_INTTYPES_H
| # include <inttypes.h>
| #else
| # if HAVE_STDINT_H
| #  include <stdint.h>
| # endif
| #endif
| #if HAVE_UNISTD_H
| # include <unistd.h>
| #endif
| #include <minix/config.h>
configure:2833: result: no
configure:2837: checking minix/config.h presence
configure:2848: gcc -E  conftest.c
configure:2857:26: minix/config.h: No such file or directory
configure:2854: $? = 1
configure: failed program was:
| #line 2839 "configure"
| /* confdefs.h.  */
| 
| #define PACKAGE_NAME "readline"
| #define PACKAGE_TARNAME "readline"
| #define PACKAGE_VERSION "5.0-rc1"
| #define PACKAGE_STRING "readline 5.0-rc1"
| #define PACKAGE_BUGREPORT "bug-readline@gnu.org"
| #define STDC_HEADERS 1
| #define HAVE_SYS_TYPES_H 1
| #define HAVE_SYS_STAT_H 1
| #define HAVE_STDLIB_H 1
| #define HAVE_STRING_H 1
| #define HAVE_MEMORY_H 1
| #define HAVE_STRINGS_H 1
| #define HAVE_INTTYPES_H 1
| #define HAVE_STDINT_H 1
| #define HAVE_UNISTD_H 1
| /* end confdefs.h.  */
| #include <minix/config.h>
configure:2873: result: no
configure:2909: checking for minix/config.h
configure:2916: result: no
configure:2950: checking whether gcc needs -traditional
configure:2994: result: no
configure:3013: checking for a BSD-compatible install
configure:3067: result: /usr/bin/install -c
configure:3080: checking for ar
configure:3096: found /usr/bin/ar
configure:3107: result: ar
configure:3156: checking for ranlib
configure:3183: result: ranlib
configure:3199: checking for an ANSI C-conforming const
configure:3267: gcc -c -g -O  conftest.c >&5
configure:3270: $? = 0
configure:3273: test -s conftest.o
configure:3276: $? = 0
configure:3287: result: yes
configure:3297: checking for function prototypes
configure:3300: result: yes
configure:3318: checking whether char is unsigned
configure:3342: gcc -c -g -O  conftest.c >&5
configure:3345: $? = 0
configure:3348: test -s conftest.o
configure:3351: $? = 0
configure:3362: result: no
configure:3372: checking return type of signal handlers
configure:3404: gcc -c -g -O  conftest.c >&5
configure:3407: $? = 0
configure:3410: test -s conftest.o
configure:3413: $? = 0
configure:3424: result: void
configure:3433: checking for size_t
configure:3458: gcc -c -g -O  conftest.c >&5
configure:3461: $? = 0
configure:3464: test -s conftest.o
configure:3467: $? = 0
configure:3478: result: yes
configure:3490: checking for ssize_t
configure:3515: gcc -c -g -O  conftest.c >&5
configure:3518: $? = 0
configure:3521: test -s conftest.o
configure:3524: $? = 0
configure:3535: result: yes
configure:3548: checking for ANSI C header files
configure:3695: result: yes
configure:3706: checking whether stat file-mode macros are broken
configure:3755: result: no
configure:3773: checking for dirent.h that defines DIR
configure:3798: gcc -c -g -O  conftest.c >&5
configure:3801: $? = 0
configure:3804: test -s conftest.o
configure:3807: $? = 0
configure:3818: result: yes
configure:3831: checking for library containing opendir
configure:3862: gcc -o conftest -g -O   conftest.c  >&5
configure:3865: $? = 0
configure:3868: test -s conftest
configure:3871: $? = 0
configure:3930: result: none required
configure:4063: checking for lstat
configure:4113: gcc -o conftest -g -O   conftest.c  >&5
configure:4116: $? = 0
configure:4119: test -s conftest
configure:4122: $? = 0
configure:4133: result: yes
configure:4063: checking for memmove
configure:4113: gcc -o conftest -g -O   conftest.c  >&5
configure:4116: $? = 0
configure:4119: test -s conftest
configure:4122: $? = 0
configure:4133: result: yes
configure:4063: checking for putenv
configure:4113: gcc -o conftest -g -O   conftest.c  >&5
configure:4116: $? = 0
configure:4119: test -s conftest
configure:4122: $? = 0
configure:4133: result: yes
configure:4063: checking for select
configure:4113: gcc -o conftest -g -O   conftest.c  >&5
configure:4116: $? = 0
configure:4119: test -s conftest
configure:4122: $? = 0
configure:4133: result: yes
configure:4063: checking for setenv
configure:4113: gcc -o conftest -g -O   conftest.c  >&5
configure:4116: $? = 0
configure:4119: test -s conftest
configure:4122: $? = 0
configure:4133: result: yes
configure:4063: checking for setlocale
configure:4113: gcc -o conftest -g -O   conftest.c  >&5
configure:4116: $? = 0
configure:4119: test -s conftest
configure:4122: $? = 0
configure:4133: result: yes
configure:4063: checking for strcasecmp
configure:4113: gcc -o conftest -g -O   conftest.c  >&5
configure:4116: $? = 0
configure:4119: test -s conftest
configure:4122: $? = 0
configure:4133: result: yes
configure:4063: checking for strpbrk
configure:4113: gcc -o conftest -g -O   conftest.c  >&5
configure:4114: warning: conflicting types for built-in function `strpbrk'
configure:4116: $? = 0
configure:4119: test -s conftest
configure:4122: $? = 0
configure:4133: result: yes
configure:4063: checking for tcgetattr
configure:4113: gcc -o conftest -g -O   conftest.c  >&5
configure:4116: $? = 0
configure:4119: test -s conftest
configure:4122: $? = 0
configure:4133: result: yes
configure:4063: checking for vsnprintf
configure:4113: gcc -o conftest -g -O   conftest.c  >&5
configure:4116: $? = 0
configure:4119: test -s conftest
configure:4122: $? = 0
configure:4133: result: yes
configure:4063: checking for isascii
configure:4113: gcc -o conftest -g -O   conftest.c  >&5
configure:4116: $? = 0
configure:4119: test -s conftest
configure:4122: $? = 0
configure:4133: result: yes
configure:4063: checking for isxdigit
configure:4113: gcc -o conftest -g -O   conftest.c  >&5
configure:4116: $? = 0
configure:4119: test -s conftest
configure:4122: $? = 0
configure:4133: result: yes
configure:4144: checking for working strcoll
configure:4171: gcc -o conftest -g -O   conftest.c  >&5
configure:4174: $? = 0
configure:4176: ./conftest
configure:4179: $? = 0
configure:4193: result: yes
configure:4227: checking for unistd.h
configure:4232: result: yes
configure:4227: checking for stdlib.h
configure:4232: result: yes
configure:4236: checking varargs.h usability
configure:4249: gcc -c -g -O  conftest.c >&5
configure:4252: $? = 0
configure:4255: test -s conftest.o
configure:4258: $? = 0
configure:4268: result: yes
configure:4272: checking varargs.h presence
configure:4283: gcc -E  conftest.c
configure:4289: $? = 0
configure:4308: result: yes
configure:4344: checking for varargs.h
configure:4351: result: yes
configure:4236: checking stdarg.h usability
configure:4249: gcc -c -g -O  conftest.c >&5
configure:4252: $? = 0
configure:4255: test -s conftest.o
configure:4258: $? = 0
configure:4268: result: yes
configure:4272: checking stdarg.h presence
configure:4283: gcc -E  conftest.c
configure:4289: $? = 0
configure:4308: result: yes
configure:4344: checking for stdarg.h
configure:4351: result: yes
configure:4227: checking for string.h
configure:4232: result: yes
configure:4227: checking for strings.h
configure:4232: result: yes
configure:4236: checking limits.h usability
configure:4249: gcc -c -g -O  conftest.c >&5
configure:4252: $? = 0
configure:4255: test -s conftest.o
configure:4258: $? = 0
configure:4268: result: yes
configure:4272: checking limits.h presence
configure:4283: gcc -E  conftest.c
configure:4289: $? = 0
configure:4308: result: yes
configure:4344: checking for limits.h
configure:4351: result: yes
configure:4236: checking sys/ptem.h usability
configure:4249: gcc -c -g -O  conftest.c >&5
configure:4315:22: sys/ptem.h: No such file or directory
configure:4252: $? = 1
configure: failed program was:
| #line 4238 "configure"
| /* confdefs.h.  */
| 
| #define PACKAGE_NAME "readline"
| #define PACKAGE_TARNAME "readline"
| #define PACKAGE_VERSION "5.0-rc1"
| #define PACKAGE_STRING "readline 5.0-rc1"
| #define PACKAGE_BUGREPORT "bug-readline@gnu.org"
| #define STDC_HEADERS 1
| #define HAVE_SYS_TYPES_H 1
| #define HAVE_SYS_STAT_H 1
| #define HAVE_STDLIB_H 1
| #define HAVE_STRING_H 1
| #define HAVE_MEMORY_H 1
| #define HAVE_STRINGS_H 1
| #define HAVE_INTTYPES_H 1
| #define HAVE_STDINT_H 1
| #define HAVE_UNISTD_H 1
| #define PROTOTYPES 1
| #define __PROTOTYPES 1
| #define RETSIGTYPE void
| #define STDC_HEADERS 1
| #define HAVE_DIRENT_H 1
| #define HAVE_LSTAT 1
| #define HAVE_MEMMOVE 1
| #define HAVE_PUTENV 1
| #define HAVE_SELECT 1
| #define HAVE_SETENV 1
| #define HAVE_SETLOCALE 1
| #define HAVE_STRCASECMP 1
| #define HAVE_STRPBRK 1
| #define HAVE_TCGETATTR 1
| #define HAVE_VSNPRINTF 1
| #define HAVE_ISASCII 1
| #define HAVE_ISXDIGIT 1
| #define HAVE_STRCOLL 1
| #define HAVE_UNISTD_H 1
| #define HAVE_STDLIB_H 1
| #define HAVE_VARARGS_H 1
| #define HAVE_STDARG_H 1
| #define HAVE_STRING_H 1
| #define HAVE_STRINGS_H 1
| #define HAVE_LIMITS_H 1
| /* end confdefs.h.  */
| #include <stdio.h>
| #if HAVE_SYS_TYPES_H
| # include <sys/types.h>
| #endif
| #if HAVE_SYS_STAT_H
| # include <sys/stat.h>
| #endif
| #if STDC_HEADERS
| # include <stdlib.h>
| # include <stddef.h>
| #else
| # if HAVE_STDLIB_H
| #  include <stdlib.h>
| # endif
| #endif
| #if HAVE_STRING_H
| # if !STDC_HEADERS && HAVE_MEMORY_H
| #  include <memory.h>
| # endif
| # include <string.h>
| #endif
| #if HAVE_STRINGS_H
| # include <strings.h>
| #endif
| #if HAVE_INTTYPES_H
| # include <inttypes.h>
| #else
| # if HAVE_STDINT_H
| #  include <stdint.h>
| # endif
| #endif
| #if HAVE_UNISTD_H
| # include <unistd.h>
| #endif
| #include <sys/ptem.h>
configure:4268: result: no
configure:4272: checking sys/ptem.h presence
configure:4283: gcc -E  conftest.c
configure:4317:22: sys/ptem.h: No such file or directory
configure:4289: $? = 1
configure: failed program was:
| #line 4274 "configure"
| /* confdefs.h.  */
| 
| #define PACKAGE_NAME "readline"
| #define PACKAGE_TARNAME "readline"
| #define PACKAGE_VERSION "5.0-rc1"
| #define PACKAGE_STRING "readline 5.0-rc1"
| #define PACKAGE_BUGREPORT "bug-readline@gnu.org"
| #define STDC_HEADERS 1
| #define HAVE_SYS_TYPES_H 1
| #define HAVE_SYS_STAT_H 1
| #define HAVE_STDLIB_H 1
| #define HAVE_STRING_H 1
| #define HAVE_MEMORY_H 1
| #define HAVE_STRINGS_H 1
| #define HAVE_INTTYPES_H 1
| #define HAVE_STDINT_H 1
| #define HAVE_UNISTD_H 1
| #define PROTOTYPES 1
| #define __PROTOTYPES 1
| #define RETSIGTYPE void
| #define STDC_HEADERS 1
| #define HAVE_DIRENT_H 1
| #define HAVE_LSTAT 1
| #define HAVE_MEMMOVE 1
| #define HAVE_PUTENV 1
| #define HAVE_SELECT 1
| #define HAVE_SETENV 1
| #define HAVE_SETLOCALE 1
| #define HAVE_STRCASECMP 1
| #define HAVE_STRPBRK 1
| #define HAVE_TCGETATTR 1
| #define HAVE_VSNPRINTF 1
| #define HAVE_ISASCII 1
| #define HAVE_ISXDIGIT 1
| #define HAVE_STRCOLL 1
| #define HAVE_UNISTD_H 1
| #define HAVE_STDLIB_H 1
| #define HAVE_VARARGS_H 1
| #define HAVE_STDARG_H 1
| #define HAVE_STRING_H 1
| #define HAVE_STRINGS_H 1
| #define HAVE_LIMITS_H 1
| /* end confdefs.h.  */
| #include <sys/ptem.h>
configure:4308: result: no
configure:4344: checking for sys/ptem.h
configure:4351: result: no
configure:4236: checking sys/pte.h usability
configure:4249: gcc -c -g -O  conftest.c >&5
configure:4315:21: sys/pte.h: No such file or directory
configure:4252: $? = 1
configure: failed program was:
| #line 4238 "configure"
| /* confdefs.h.  */
| 
| #define PACKAGE_NAME "readline"
| #define PACKAGE_TARNAME "readline"
| #define PACKAGE_VERSION "5.0-rc1"
| #define PACKAGE_STRING "readline 5.0-rc1"
| #define PACKAGE_BUGREPORT "bug-readline@gnu.org"
| #define STDC_HEADERS 1
| #define HAVE_SYS_TYPES_H 1
| #define HAVE_SYS_STAT_H 1
| #define HAVE_STDLIB_H 1
| #define HAVE_STRING_H 1
| #define HAVE_MEMORY_H 1
| #define HAVE_STRINGS_H 1
| #define HAVE_INTTYPES_H 1
| #define HAVE_STDINT_H 1
| #define HAVE_UNISTD_H 1
| #define PROTOTYPES 1
| #define __PROTOTYPES 1
| #define RETSIGTYPE void
| #define STDC_HEADERS 1
| #define HAVE_DIRENT_H 1
| #define HAVE_LSTAT 1
| #define HAVE_MEMMOVE 1
| #define HAVE_PUTENV 1
| #define HAVE_SELECT 1
| #define HAVE_SETENV 1
| #define HAVE_SETLOCALE 1
| #define HAVE_STRCASECMP 1
| #define HAVE_STRPBRK 1
| #define HAVE_TCGETATTR 1
| #define HAVE_VSNPRINTF 1
| #define HAVE_ISASCII 1
| #define HAVE_ISXDIGIT 1
| #define HAVE_STRCOLL 1
| #define HAVE_UNISTD_H 1
| #define HAVE_STDLIB_H 1
| #define HAVE_VARARGS_H 1
| #define HAVE_STDARG_H 1
| #define HAVE_STRING_H 1
| #define HAVE_STRINGS_H 1
| #define HAVE_LIMITS_H 1
| /* end confdefs.h.  */
| #include <stdio.h>
| #if HAVE_SYS_TYPES_H
| # include <sys/types.h>
| #endif
| #if HAVE_SYS_STAT_H
| # include <sys/stat.h>
| #endif
| #if STDC_HEADERS
| # include <stdlib.h>
| # include <stddef.h>
| #else
| # if HAVE_STDLIB_H
| #  include <stdlib.h>
| # endif
| #endif
| #if HAVE_STRING_H
| # if !STDC_HEADERS && HAVE_MEMORY_H
| #  include <memory.h>
| # endif
| # include <string.h>
| #endif
| #if HAVE_STRINGS_H
| # include <strings.h>
| #endif
| #if HAVE_INTTYPES_H
| # include <inttypes.h>
| #else
| # if HAVE_STDINT_H
| #  include <stdint.h>
| # endif
| #endif
| #if HAVE_UNISTD_H
| # include <unistd.h>
| #endif
| #include <sys/pte.h>
configure:4268: result: no
configure:4272: checking sys/pte.h presence
configure:4283: gcc -E  conftest.c
configure:4317:21: sys/pte.h: No such file or directory
configure:4289: $? = 1
configure: failed program was:
| #line 4274 "configure"
| /* confdefs.h.  */
| 
| #define PACKAGE_NAME "readline"
| #define PACKAGE_TARNAME "readline"
| #define PACKAGE_VERSION "5.0-rc1"
| #define PACKAGE_STRING "readline 5.0-rc1"
| #define PACKAGE_BUGREPORT "bug-readline@gnu.org"
| #define STDC_HEADERS 1
| #define HAVE_SYS_TYPES_H 1
| #define HAVE_SYS_STAT_H 1
| #define HAVE_STDLIB_H 1
| #define HAVE_STRING_H 1
| #define HAVE_MEMORY_H 1
| #define HAVE_STRINGS_H 1
| #define HAVE_INTTYPES_H 1
| #define HAVE_STDINT_H 1
| #define HAVE_UNISTD_H 1
| #define PROTOTYPES 1
| #define __PROTOTYPES 1
| #define RETSIGTYPE void
| #define STDC_HEADERS 1
| #define HAVE_DIRENT_H 1
| #define HAVE_LSTAT 1
| #define HAVE_MEMMOVE 1
| #define HAVE_PUTENV 1
| #define HAVE_SELECT 1
| #define HAVE_SETENV 1
| #define HAVE_SETLOCALE 1
| #define HAVE_STRCASECMP 1
| #define HAVE_STRPBRK 1
| #define HAVE_TCGETATTR 1
| #define HAVE_VSNPRINTF 1
| #define HAVE_ISASCII 1
| #define HAVE_ISXDIGIT 1
| #define HAVE_STRCOLL 1
| #define HAVE_UNISTD_H 1
| #define HAVE_STDLIB_H 1
| #define HAVE_VARARGS_H 1
| #define HAVE_STDARG_H 1
| #define HAVE_STRING_H 1
| #define HAVE_STRINGS_H 1
| #define HAVE_LIMITS_H 1
| /* end confdefs.h.  */
| #include <sys/pte.h>
configure:4308: result: no
configure:4344: checking for sys/pte.h
configure:4351: result: no
configure:4236: checking sys/stream.h usability
configure:4249: gcc -c -g -O  conftest.c >&5
configure:4315:24: sys/stream.h: No such file or directory
configure:4252: $? = 1
configure: failed program was:
| #line 4238 "configure"
| /* confdefs.h.  */
| 
| #define PACKAGE_NAME "readline"
| #define PACKAGE_TARNAME "readline"
| #define PACKAGE_VERSION "5.0-rc1"
| #define PACKAGE_STRING "readline 5.0-rc1"
| #define PACKAGE_BUGREPORT "bug-readline@gnu.org"
| #define STDC_HEADERS 1
| #define HAVE_SYS_TYPES_H 1
| #define HAVE_SYS_STAT_H 1
| #define HAVE_STDLIB_H 1
| #define HAVE_STRING_H 1
| #define HAVE_MEMORY_H 1
| #define HAVE_STRINGS_H 1
| #define HAVE_INTTYPES_H 1
| #define HAVE_STDINT_H 1
| #define HAVE_UNISTD_H 1
| #define PROTOTYPES 1
| #define __PROTOTYPES 1
| #define RETSIGTYPE void
| #define STDC_HEADERS 1
| #define HAVE_DIRENT_H 1
| #define HAVE_LSTAT 1
| #define HAVE_MEMMOVE 1
| #define HAVE_PUTENV 1
| #define HAVE_SELECT 1
| #define HAVE_SETENV 1
| #define HAVE_SETLOCALE 1
| #define HAVE_STRCASECMP 1
| #define HAVE_STRPBRK 1
| #define HAVE_TCGETATTR 1
| #define HAVE_VSNPRINTF 1
| #define HAVE_ISASCII 1
| #define HAVE_ISXDIGIT 1
| #define HAVE_STRCOLL 1
| #define HAVE_UNISTD_H 1
| #define HAVE_STDLIB_H 1
| #define HAVE_VARARGS_H 1
| #define HAVE_STDARG_H 1
| #define HAVE_STRING_H 1
| #define HAVE_STRINGS_H 1
| #define HAVE_LIMITS_H 1
| /* end confdefs.h.  */
| #include <stdio.h>
| #if HAVE_SYS_TYPES_H
| # include <sys/types.h>
| #endif
| #if HAVE_SYS_STAT_H
| # include <sys/stat.h>
| #endif
| #if STDC_HEADERS
| # include <stdlib.h>
| # include <stddef.h>
| #else
| # if HAVE_STDLIB_H
| #  include <stdlib.h>
| # endif
| #endif
| #if HAVE_STRING_H
| # if !STDC_HEADERS && HAVE_MEMORY_H
| #  include <memory.h>
| # endif
| # include <string.h>
| #endif
| #if HAVE_STRINGS_H
| # include <strings.h>
| #endif
| #if HAVE_INTTYPES_H
| # include <inttypes.h>
| #else
| # if HAVE_STDINT_H
| #  include <stdint.h>
| # endif
| #endif
| #if HAVE_UNISTD_H
| # include <unistd.h>
| #endif
| #include <sys/stream.h>
configure:4268: result: no
configure:4272: checking sys/stream.h presence
configure:4283: gcc -E  conftest.c
configure:4317:24: sys/stream.h: No such file or directory
configure:4289: $? = 1
configure: failed program was:
| #line 4274 "configure"
| /* confdefs.h.  */
| 
| #define PACKAGE_NAME "readline"
| #define PACKAGE_TARNAME "readline"
| #define PACKAGE_VERSION "5.0-rc1"
| #define PACKAGE_STRING "readline 5.0-rc1"
| #define PACKAGE_BUGREPORT "bug-readline@gnu.org"
| #define STDC_HEADERS 1
| #define HAVE_SYS_TYPES_H 1
| #define HAVE_SYS_STAT_H 1
| #define HAVE_STDLIB_H 1
| #define HAVE_STRING_H 1
| #define HAVE_MEMORY_H 1
| #define HAVE_STRINGS_H 1
| #define HAVE_INTTYPES_H 1
| #define HAVE_STDINT_H 1
| #define HAVE_UNISTD_H 1
| #define PROTOTYPES 1
| #define __PROTOTYPES 1
| #define RETSIGTYPE void
| #define STDC_HEADERS 1
| #define HAVE_DIRENT_H 1
| #define HAVE_LSTAT 1
| #define HAVE_MEMMOVE 1
| #define HAVE_PUTENV 1
| #define HAVE_SELECT 1
| #define HAVE_SETENV 1
| #define HAVE_SETLOCALE 1
| #define HAVE_STRCASECMP 1
| #define HAVE_STRPBRK 1
| #define HAVE_TCGETATTR 1
| #define HAVE_VSNPRINTF 1
| #define HAVE_ISASCII 1
| #define HAVE_ISXDIGIT 1
| #define HAVE_STRCOLL 1
| #define HAVE_UNISTD_H 1
| #define HAVE_STDLIB_H 1
| #define HAVE_VARARGS_H 1
| #define HAVE_STDARG_H 1
| #define HAVE_STRING_H 1
| #define HAVE_STRINGS_H 1
| #define HAVE_LIMITS_H 1
| /* end confdefs.h.  */
| #include <sys/stream.h>
configure:4308: result: no
configure:4344: checking for sys/stream.h
configure:4351: result: no
configure:4236: checking sys/select.h usability
configure:4249: gcc -c -g -O  conftest.c >&5
configure:4252: $? = 0
configure:4255: test -s conftest.o
configure:4258: $? = 0
configure:4268: result: yes
configure:4272: checking sys/select.h presence
configure:4283: gcc -E  conftest.c
configure:4289: $? = 0
configure:4308: result: yes
configure:4344: checking for sys/select.h
configure:4351: result: yes
configure:4236: checking termcap.h usability
configure:4249: gcc -c -g -O  conftest.c >&5
configure:4252: $? = 0
configure:4255: test -s conftest.o
configure:4258: $? = 0
configure:4268: result: yes
configure:4272: checking termcap.h presence
configure:4283: gcc -E  conftest.c
configure:4289: $? = 0
configure:4308: result: yes
configure:4344: checking for termcap.h
configure:4351: result: yes
configure:4236: checking termios.h usability
configure:4249: gcc -c -g -O  conftest.c >&5
configure:4252: $? = 0
configure:4255: test -s conftest.o
configure:4258: $? = 0
configure:4268: result: yes
configure:4272: checking termios.h presence
configure:4283: gcc -E  conftest.c
configure:4289: $? = 0
configure:4308: result: yes
configure:4344: checking for termios.h
configure:4351: result: yes
configure:4236: checking termio.h usability
configure:4249: gcc -c -g -O  conftest.c >&5
configure:4252: $? = 0
configure:4255: test -s conftest.o
configure:4258: $? = 0
configure:4268: result: yes
configure:4272: checking termio.h presence
configure:4283: gcc -E  conftest.c
configure:4289: $? = 0
configure:4308: result: yes
configure:4344: checking for termio.h
configure:4351: result: yes
configure:4236: checking sys/file.h usability
configure:4249: gcc -c -g -O  conftest.c >&5
configure:4252: $? = 0
configure:4255: test -s conftest.o
configure:4258: $? = 0
configure:4268: result: yes
configure:4272: checking sys/file.h presence
configure:4283: gcc -E  conftest.c
configure:4289: $? = 0
configure:4308: result: yes
configure:4344: checking for sys/file.h
configure:4351: result: yes
configure:4236: checking locale.h usability
configure:4249: gcc -c -g -O  conftest.c >&5
configure:4252: $? = 0
configure:4255: test -s conftest.o
configure:4258: $? = 0
configure:4268: result: yes
configure:4272: checking locale.h presence
configure:4283: gcc -E  conftest.c
configure:4289: $? = 0
configure:4308: result: yes
configure:4344: checking for locale.h
configure:4351: result: yes
configure:4227: checking for memory.h
configure:4232: result: yes
configure:4366: checking for type of signal functions
configure:4395: gcc -o conftest -g -O   conftest.c  >&5
configure:4398: $? = 0
configure:4401: test -s conftest
configure:4404: $? = 0
configure:4501: result: posix
configure:4522: checking if signal handlers must be reinstalled when invoked
configure:4586: gcc -o conftest -g -O   conftest.c  >&5
configure:4589: $? = 0
configure:4591: ./conftest
configure:4594: $? = 0
configure:4609: result: no
configure:4620: checking for presence of POSIX-style sigsetjmp/siglongjmp
configure:4678: gcc -o conftest -g -O   conftest.c  >&5
configure:4681: $? = 0
configure:4683: ./conftest
configure:4686: $? = 0
configure:4701: result: present
configure:4710: checking for lstat
configure:4735: gcc -o conftest -g -O   conftest.c  >&5
configure:4738: $? = 0
configure:4741: test -s conftest
configure:4744: $? = 0
configure:4755: result: yes
configure:4765: checking whether or not strcoll and strcmp differ
configure:4821: gcc -o conftest -g -O   conftest.c  >&5
configure:4824: $? = 0
configure:4826: ./conftest
configure:4829: $? = 1
configure: program exited with status 1
configure: failed program was:
| #line 4776 "configure"
| /* confdefs.h.  */
| 
| #define PACKAGE_NAME "readline"
| #define PACKAGE_TARNAME "readline"
| #define PACKAGE_VERSION "5.0-rc1"
| #define PACKAGE_STRING "readline 5.0-rc1"
| #define PACKAGE_BUGREPORT "bug-readline@gnu.org"
| #define STDC_HEADERS 1
| #define HAVE_SYS_TYPES_H 1
| #define HAVE_SYS_STAT_H 1
| #define HAVE_STDLIB_H 1
| #define HAVE_STRING_H 1
| #define HAVE_MEMORY_H 1
| #define HAVE_STRINGS_H 1
| #define HAVE_INTTYPES_H 1
| #define HAVE_STDINT_H 1
| #define HAVE_UNISTD_H 1
| #define PROTOTYPES 1
| #define __PROTOTYPES 1
| #define RETSIGTYPE void
| #define STDC_HEADERS 1
| #define HAVE_DIRENT_H 1
| #define HAVE_LSTAT 1
| #define HAVE_MEMMOVE 1
| #define HAVE_PUTENV 1
| #define HAVE_SELECT 1
| #define HAVE_SETENV 1
| #define HAVE_SETLOCALE 1
| #define HAVE_STRCASECMP 1
| #define HAVE_STRPBRK 1
| #define HAVE_TCGETATTR 1
| #define HAVE_VSNPRINTF 1
| #define HAVE_ISASCII 1
| #define HAVE_ISXDIGIT 1
| #define HAVE_STRCOLL 1
| #define HAVE_UNISTD_H 1
| #define HAVE_STDLIB_H 1
| #define HAVE_VARARGS_H 1
| #define HAVE_STDARG_H 1
| #define HAVE_STRING_H 1
| #define HAVE_STRINGS_H 1
| #define HAVE_LIMITS_H 1
| #define HAVE_SYS_SELECT_H 1
| #define HAVE_TERMCAP_H 1
| #define HAVE_TERMIOS_H 1
| #define HAVE_TERMIO_H 1
| #define HAVE_SYS_FILE_H 1
| #define HAVE_LOCALE_H 1
| #define HAVE_MEMORY_H 1
| #define HAVE_POSIX_SIGNALS 1
| #define HAVE_POSIX_SIGSETJMP 1
| #define HAVE_LSTAT 1
| /* end confdefs.h.  */
| 
| #include <stdio.h>
| #if defined (HAVE_LOCALE_H)
| #include <locale.h>
| #endif
| 
| main(c, v)
| int     c;
| char    *v[];
| {
|         int     r1, r2;
|         char    *deflocale, *defcoll;
| 
| #ifdef HAVE_SETLOCALE
|         deflocale = setlocale(LC_ALL, "");
| 	defcoll = setlocale(LC_COLLATE, "");
| #endif
| 
| #ifdef HAVE_STRCOLL
| 	/* These two values are taken from tests/glob-test. */
|         r1 = strcoll("abd", "aXd");
| #else
| 	r1 = 0;
| #endif
|         r2 = strcmp("abd", "aXd");
| 
| 	/* These two should both be greater than 0.  It is permissible for
| 	   a system to return different values, as long as the sign is the
| 	   same. */
| 
|         /* Exit with 1 (failure) if these two values are both > 0, since
| 	   this tests whether strcoll(3) is broken with respect to strcmp(3)
| 	   in the default locale. */
| 	exit (r1 > 0 && r2 > 0);
| }
| 
configure:4844: result: no
configure:4854: checking whether the ctype macros accept non-ascii characters
configure:4905: gcc -o conftest -g -O   conftest.c  >&5
configure:4908: $? = 0
configure:4910: ./conftest
configure:4913: $? = 0
configure:4928: result: yes
configure:4938: checking whether getpw functions are declared in pwd.h
configure:4968: result: yes
configure:4978: checking whether termios.h defines TIOCGWINSZ
configure:5006: result: no
configure:5010: checking whether sys/ioctl.h defines TIOCGWINSZ
configure:5038: result: yes
configure:5051: checking whether signal handlers are of type void
configure:5081: gcc -c -g -O  conftest.c >&5
configure:5084: $? = 0
configure:5087: test -s conftest.o
configure:5090: $? = 0
configure:5101: result: yes
configure:5110: checking for TIOCSTAT in sys/ioctl.h
configure:5133: gcc -c -g -O  conftest.c >&5
configure: In function `main':
configure:5177: `TIOCSTAT' undeclared (first use in this function)
configure:5177: (Each undeclared identifier is reported only once
configure:5177: for each function it appears in.)
configure:5136: $? = 1
configure: failed program was:
| #line 5115 "configure"
| /* confdefs.h.  */
| 
| #define PACKAGE_NAME "readline"
| #define PACKAGE_TARNAME "readline"
| #define PACKAGE_VERSION "5.0-rc1"
| #define PACKAGE_STRING "readline 5.0-rc1"
| #define PACKAGE_BUGREPORT "bug-readline@gnu.org"
| #define STDC_HEADERS 1
| #define HAVE_SYS_TYPES_H 1
| #define HAVE_SYS_STAT_H 1
| #define HAVE_STDLIB_H 1
| #define HAVE_STRING_H 1
| #define HAVE_MEMORY_H 1
| #define HAVE_STRINGS_H 1
| #define HAVE_INTTYPES_H 1
| #define HAVE_STDINT_H 1
| #define HAVE_UNISTD_H 1
| #define PROTOTYPES 1
| #define __PROTOTYPES 1
| #define RETSIGTYPE void
| #define STDC_HEADERS 1
| #define HAVE_DIRENT_H 1
| #define HAVE_LSTAT 1
| #define HAVE_MEMMOVE 1
| #define HAVE_PUTENV 1
| #define HAVE_SELECT 1
| #define HAVE_SETENV 1
| #define HAVE_SETLOCALE 1
| #define HAVE_STRCASECMP 1
| #define HAVE_STRPBRK 1
| #define HAVE_TCGETATTR 1
| #define HAVE_VSNPRINTF 1
| #define HAVE_ISASCII 1
| #define HAVE_ISXDIGIT 1
| #define HAVE_STRCOLL 1
| #define HAVE_UNISTD_H 1
| #define HAVE_STDLIB_H 1
| #define HAVE_VARARGS_H 1
| #define HAVE_STDARG_H 1
| #define HAVE_STRING_H 1
| #define HAVE_STRINGS_H 1
| #define HAVE_LIMITS_H 1
| #define HAVE_SYS_SELECT_H 1
| #define HAVE_TERMCAP_H 1
| #define HAVE_TERMIOS_H 1
| #define HAVE_TERMIO_H 1
| #define HAVE_SYS_FILE_H 1
| #define HAVE_LOCALE_H 1
| #define HAVE_MEMORY_H 1
| #define HAVE_POSIX_SIGNALS 1
| #define HAVE_POSIX_SIGSETJMP 1
| #define HAVE_LSTAT 1
| #define CTYPE_NON_ASCII 1
| #define HAVE_GETPW_DECLS 1
| #define GWINSZ_IN_SYS_IOCTL 1
| #define VOID_SIGHANDLER 1
| /* end confdefs.h.  */
| #include <sys/types.h>
| #include <sys/ioctl.h>
| int
| main ()
| {
| int x = TIOCSTAT;
|   ;
|   return 0;
| }
configure:5154: result: no
configure:5163: checking for FIONREAD in sys/ioctl.h
configure:5186: gcc -c -g -O  conftest.c >&5
configure:5189: $? = 0
configure:5192: test -s conftest.o
configure:5195: $? = 0
configure:5207: result: yes
configure:5216: checking for speed_t in sys/types.h
configure:5238: gcc -c -g -O  conftest.c >&5
configure: In function `main':
configure:5283: `speed_t' undeclared (first use in this function)
configure:5283: (Each undeclared identifier is reported only once
configure:5283: for each function it appears in.)
configure:5283: parse error before "x"
configure:5241: $? = 1
configure: failed program was:
| #line 5221 "configure"
| /* confdefs.h.  */
| 
| #define PACKAGE_NAME "readline"
| #define PACKAGE_TARNAME "readline"
| #define PACKAGE_VERSION "5.0-rc1"
| #define PACKAGE_STRING "readline 5.0-rc1"
| #define PACKAGE_BUGREPORT "bug-readline@gnu.org"
| #define STDC_HEADERS 1
| #define HAVE_SYS_TYPES_H 1
| #define HAVE_SYS_STAT_H 1
| #define HAVE_STDLIB_H 1
| #define HAVE_STRING_H 1
| #define HAVE_MEMORY_H 1
| #define HAVE_STRINGS_H 1
| #define HAVE_INTTYPES_H 1
| #define HAVE_STDINT_H 1
| #define HAVE_UNISTD_H 1
| #define PROTOTYPES 1
| #define __PROTOTYPES 1
| #define RETSIGTYPE void
| #define STDC_HEADERS 1
| #define HAVE_DIRENT_H 1
| #define HAVE_LSTAT 1
| #define HAVE_MEMMOVE 1
| #define HAVE_PUTENV 1
| #define HAVE_SELECT 1
| #define HAVE_SETENV 1
| #define HAVE_SETLOCALE 1
| #define HAVE_STRCASECMP 1
| #define HAVE_STRPBRK 1
| #define HAVE_TCGETATTR 1
| #define HAVE_VSNPRINTF 1
| #define HAVE_ISASCII 1
| #define HAVE_ISXDIGIT 1
| #define HAVE_STRCOLL 1
| #define HAVE_UNISTD_H 1
| #define HAVE_STDLIB_H 1
| #define HAVE_VARARGS_H 1
| #define HAVE_STDARG_H 1
| #define HAVE_STRING_H 1
| #define HAVE_STRINGS_H 1
| #define HAVE_LIMITS_H 1
| #define HAVE_SYS_SELECT_H 1
| #define HAVE_TERMCAP_H 1
| #define HAVE_TERMIOS_H 1
| #define HAVE_TERMIO_H 1
| #define HAVE_SYS_FILE_H 1
| #define HAVE_LOCALE_H 1
| #define HAVE_MEMORY_H 1
| #define HAVE_POSIX_SIGNALS 1
| #define HAVE_POSIX_SIGSETJMP 1
| #define HAVE_LSTAT 1
| #define CTYPE_NON_ASCII 1
| #define HAVE_GETPW_DECLS 1
| #define GWINSZ_IN_SYS_IOCTL 1
| #define VOID_SIGHANDLER 1
| #define FIONREAD_IN_SYS_IOCTL 1
| /* end confdefs.h.  */
| #include <sys/types.h>
| int
| main ()
| {
| speed_t x;
|   ;
|   return 0;
| }
configure:5259: result: no
configure:5268: checking for struct winsize in sys/ioctl.h and termios.h
configure:5291: gcc -c -g -O  conftest.c >&5
configure:5294: $? = 0
configure:5297: test -s conftest.o
configure:5300: $? = 0
configure:5350: result: sys/ioctl.h
configure:5369: checking for struct dirent.d_ino
configure:5413: gcc -c -g -O  conftest.c >&5
configure:5416: $? = 0
configure:5419: test -s conftest.o
configure:5422: $? = 0
configure:5434: result: yes
configure:5444: checking for struct dirent.d_fileno
configure:5488: gcc -c -g -O  conftest.c >&5
configure:5491: $? = 0
configure:5494: test -s conftest.o
configure:5497: $? = 0
configure:5509: result: yes
configure:5533: checking for tgetent
configure:5583: gcc -o conftest -g -O   conftest.c  >&5
/tmp/ccOTdQ5k.o(.text+0xf): In function `main':
/u3/iraf/iraf.v214/iraf/pkg/ecl/readline/configure:5631: undefined reference to `tgetent'
/tmp/ccOTdQ5k.o(.data+0x0):/u3/iraf/iraf.v214/iraf/pkg/ecl/readline/configure:5630: undefined reference to `tgetent'
collect2: ld returned 1 exit status
configure:5586: $? = 1
configure: failed program was:
| #line 5538 "configure"
| /* confdefs.h.  */
| 
| #define PACKAGE_NAME "readline"
| #define PACKAGE_TARNAME "readline"
| #define PACKAGE_VERSION "5.0-rc1"
| #define PACKAGE_STRING "readline 5.0-rc1"
| #define PACKAGE_BUGREPORT "bug-readline@gnu.org"
| #define STDC_HEADERS 1
| #define HAVE_SYS_TYPES_H 1
| #define HAVE_SYS_STAT_H 1
| #define HAVE_STDLIB_H 1
| #define HAVE_STRING_H 1
| #define HAVE_MEMORY_H 1
| #define HAVE_STRINGS_H 1
| #define HAVE_INTTYPES_H 1
| #define HAVE_STDINT_H 1
| #define HAVE_UNISTD_H 1
| #define PROTOTYPES 1
| #define __PROTOTYPES 1
| #define RETSIGTYPE void
| #define STDC_HEADERS 1
| #define HAVE_DIRENT_H 1
| #define HAVE_LSTAT 1
| #define HAVE_MEMMOVE 1
| #define HAVE_PUTENV 1
| #define HAVE_SELECT 1
| #define HAVE_SETENV 1
| #define HAVE_SETLOCALE 1
| #define HAVE_STRCASECMP 1
| #define HAVE_STRPBRK 1
| #define HAVE_TCGETATTR 1
| #define HAVE_VSNPRINTF 1
| #define HAVE_ISASCII 1
| #define HAVE_ISXDIGIT 1
| #define HAVE_STRCOLL 1
| #define HAVE_UNISTD_H 1
| #define HAVE_STDLIB_H 1
| #define HAVE_VARARGS_H 1
| #define HAVE_STDARG_H 1
| #define HAVE_STRING_H 1
| #define HAVE_STRINGS_H 1
| #define HAVE_LIMITS_H 1
| #define HAVE_SYS_SELECT_H 1
| #define HAVE_TERMCAP_H 1
| #define HAVE_TERMIOS_H 1
| #define HAVE_TERMIO_H 1
| #define HAVE_SYS_FILE_H 1
| #define HAVE_LOCALE_H 1
| #define HAVE_MEMORY_H 1
| #define HAVE_POSIX_SIGNALS 1
| #define HAVE_POSIX_SIGSETJMP 1
| #define HAVE_LSTAT 1
| #define CTYPE_NON_ASCII 1
| #define HAVE_GETPW_DECLS 1
| #define GWINSZ_IN_SYS_IOCTL 1
| #define VOID_SIGHANDLER 1
| #define FIONREAD_IN_SYS_IOCTL 1
| #define STRUCT_WINSIZE_IN_SYS_IOCTL 1
| #define HAVE_STRUCT_DIRENT_D_INO 1
| #define HAVE_STRUCT_DIRENT_D_FILENO 1
| /* end confdefs.h.  */
| /* System header to define __stub macros and hopefully few prototypes,
|     which can conflict with char tgetent (); below.
|     Prefer <limits.h> to <assert.h> if __STDC__ is defined, since
|     <limits.h> exists even on freestanding compilers.  */
| #ifdef __STDC__
| # include <limits.h>
| #else
| # include <assert.h>
| #endif
| /* Override any gcc2 internal prototype to avoid an error.  */
| #ifdef __cplusplus
| extern "C"
| {
| #endif
| /* We use char because int might match the return type of a gcc2
|    builtin and then its argument prototype would still apply.  */
| char tgetent ();
| /* The GNU C library defines this for functions which it implements
|     to always fail with ENOSYS.  Some functions are actually named
|     something starting with __ and the normal name is an alias.  */
| #if defined (__stub_tgetent) || defined (__stub___tgetent)
| choke me
| #else
| char (*f) () = tgetent;
| #endif
| #ifdef __cplusplus
| }
| #endif
| 
| int
| main ()
| {
| return f != tgetent;
|   ;
|   return 0;
| }
configure:5603: result: no
configure:5608: checking for tgetent in -ltermcap
configure:5639: gcc -o conftest -g -O   conftest.c -ltermcap   >&5
configure:5642: $? = 0
configure:5645: test -s conftest
configure:5648: $? = 0
configure:5660: result: yes
configure:5850: checking which library has the termcap functions
configure:5853: result: using libtermcap
configure:5899: checking wctype.h usability
configure:5912: gcc -c -g -O  conftest.c >&5
configure:5915: $? = 0
configure:5918: test -s conftest.o
configure:5921: $? = 0
configure:5931: result: yes
configure:5935: checking wctype.h presence
configure:5946: gcc -E  conftest.c
configure:5952: $? = 0
configure:5971: result: yes
configure:6007: checking for wctype.h
configure:6014: result: yes
configure:6041: checking wchar.h usability
configure:6054: gcc -c -g -O  conftest.c >&5
configure:6057: $? = 0
configure:6060: test -s conftest.o
configure:6063: $? = 0
configure:6073: result: yes
configure:6077: checking wchar.h presence
configure:6088: gcc -E  conftest.c
configure:6094: $? = 0
configure:6113: result: yes
configure:6149: checking for wchar.h
configure:6156: result: yes
configure:6183: checking langinfo.h usability
configure:6196: gcc -c -g -O  conftest.c >&5
configure:6199: $? = 0
configure:6202: test -s conftest.o
configure:6205: $? = 0
configure:6215: result: yes
configure:6219: checking langinfo.h presence
configure:6230: gcc -E  conftest.c
configure:6236: $? = 0
configure:6255: result: yes
configure:6291: checking for langinfo.h
configure:6298: result: yes
configure:6312: checking for mbsrtowcs
configure:6362: gcc -o conftest -g -O   conftest.c  >&5
configure:6365: $? = 0
configure:6368: test -s conftest
configure:6371: $? = 0
configure:6382: result: yes
configure:6391: checking for mbrtowc
configure:6441: gcc -o conftest -g -O   conftest.c  >&5
configure:6444: $? = 0
configure:6447: test -s conftest
configure:6450: $? = 0
configure:6461: result: yes
configure:6470: checking for mbrlen
configure:6520: gcc -o conftest -g -O   conftest.c  >&5
configure:6523: $? = 0
configure:6526: test -s conftest
configure:6529: $? = 0
configure:6540: result: yes
configure:6549: checking for wctomb
configure:6599: gcc -o conftest -g -O   conftest.c  >&5
configure:6602: $? = 0
configure:6605: test -s conftest
configure:6608: $? = 0
configure:6619: result: yes
configure:6628: checking for wcwidth
configure:6678: gcc -o conftest -g -O   conftest.c  >&5
configure:6681: $? = 0
configure:6684: test -s conftest
configure:6687: $? = 0
configure:6698: result: yes
configure:6707: checking for wcsdup
configure:6757: gcc -o conftest -g -O   conftest.c  >&5
configure:6760: $? = 0
configure:6763: test -s conftest
configure:6766: $? = 0
configure:6777: result: yes
configure:6787: checking for mbstate_t
configure:6814: gcc -c -g -O  conftest.c >&5
configure:6817: $? = 0
configure:6820: test -s conftest.o
configure:6823: $? = 0
configure:6834: result: yes
configure:6843: checking for nl_langinfo and CODESET
configure:6865: gcc -o conftest -g -O   conftest.c  >&5
configure:6868: $? = 0
configure:6871: test -s conftest
configure:6874: $? = 0
configure:6885: result: yes
configure:6911: checking configuration for building shared libraries
configure:6926: result: supported
configure:7076: creating ./config.status

## ---------------------- ##
## Running config.status. ##
## ---------------------- ##

This file was extended by readline config.status 5.0-rc1, which was
generated by GNU Autoconf 2.57.  Invocation command line was

  CONFIG_FILES    = 
  CONFIG_HEADERS  = 
  CONFIG_LINKS    = 
  CONFIG_COMMANDS = 
  $ ./config.status 

on tucana.tuc.noao.edu

config.status:662: creating Makefile
config.status:662: creating doc/Makefile
config.status:662: creating examples/Makefile
config.status:662: creating shlib/Makefile
config.status:766: creating config.h
config.status:993: config.h is unchanged
config.status:1093: executing default commands

## ---------------- ##
## Cache variables. ##
## ---------------- ##

ac_cv_build=i686-pc-linux-gnu
ac_cv_build_alias=i686-pc-linux-gnu
ac_cv_c_char_unsigned=no
ac_cv_c_compiler_gnu=yes
ac_cv_c_const=yes
ac_cv_env_CC_set=set
ac_cv_env_CC_value=gcc
ac_cv_env_CFLAGS_set=
ac_cv_env_CFLAGS_value=
ac_cv_env_CPPFLAGS_set=
ac_cv_env_CPPFLAGS_value=
ac_cv_env_CPP_set=
ac_cv_env_CPP_value=
ac_cv_env_LDFLAGS_set=
ac_cv_env_LDFLAGS_value=
ac_cv_env_build_alias_set=
ac_cv_env_build_alias_value=
ac_cv_env_host_alias_set=
ac_cv_env_host_alias_value=
ac_cv_env_target_alias_set=
ac_cv_env_target_alias_value=
ac_cv_exeext=
ac_cv_func_isascii=yes
ac_cv_func_isxdigit=yes
ac_cv_func_lstat=yes
ac_cv_func_mbrlen=yes
ac_cv_func_mbrtowc=yes
ac_cv_func_mbsrtowcs=yes
ac_cv_func_memmove=yes
ac_cv_func_putenv=yes
ac_cv_func_select=yes
ac_cv_func_setenv=yes
ac_cv_func_setlocale=yes
ac_cv_func_strcasecmp=yes
ac_cv_func_strcoll_works=yes
ac_cv_func_strpbrk=yes
ac_cv_func_tcgetattr=yes
ac_cv_func_tgetent=no
ac_cv_func_vsnprintf=yes
ac_cv_func_wcsdup=yes
ac_cv_func_wctomb=yes
ac_cv_func_wcwidth=yes
ac_cv_header_dirent_dirent_h=yes
ac_cv_header_inttypes_h=yes
ac_cv_header_langinfo_h=yes
ac_cv_header_limits_h=yes
ac_cv_header_locale_h=yes
ac_cv_header_memory_h=yes
ac_cv_header_minix_config_h=no
ac_cv_header_stat_broken=no
ac_cv_header_stdarg_h=yes
ac_cv_header_stdc=yes
ac_cv_header_stdint_h=yes
ac_cv_header_stdlib_h=yes
ac_cv_header_string_h=yes
ac_cv_header_strings_h=yes
ac_cv_header_sys_file_h=yes
ac_cv_header_sys_pte_h=no
ac_cv_header_sys_ptem_h=no
ac_cv_header_sys_select_h=yes
ac_cv_header_sys_stat_h=yes
ac_cv_header_sys_stream_h=no
ac_cv_header_sys_types_h=yes
ac_cv_header_termcap_h=yes
ac_cv_header_termio_h=yes
ac_cv_header_termios_h=yes
ac_cv_header_unistd_h=yes
ac_cv_header_varargs_h=yes
ac_cv_header_wchar_h=yes
ac_cv_header_wctype_h=yes
ac_cv_host=i686-pc-linux-gnu
ac_cv_host_alias=i686-pc-linux-gnu
ac_cv_lib_termcap_tgetent=yes
ac_cv_objext=o
ac_cv_path_install='/usr/bin/install -c'
ac_cv_prog_AR=ar
ac_cv_prog_CPP='gcc -E'
ac_cv_prog_ac_ct_CC=gcc
ac_cv_prog_ac_ct_RANLIB=ranlib
ac_cv_prog_cc_g=yes
ac_cv_prog_cc_stdc=
ac_cv_prog_egrep='grep -E'
ac_cv_prog_gcc_traditional=no
ac_cv_prog_make_make_set=yes
ac_cv_search_opendir='none required'
ac_cv_sys_tiocgwinsz_in_sys_ioctl_h=yes
ac_cv_sys_tiocgwinsz_in_termios_h=no
ac_cv_type_signal=void
ac_cv_type_size_t=yes
ac_cv_type_ssize_t=yes
bash_cv_dirent_has_d_fileno=yes
bash_cv_dirent_has_dino=yes
bash_cv_fionread_in_ioctl=yes
bash_cv_func_ctype_nonascii=yes
bash_cv_func_lstat=yes
bash_cv_func_sigsetjmp=present
bash_cv_func_strcoll_broken=no
bash_cv_getpw_declared=yes
bash_cv_have_mbstate_t=yes
bash_cv_langinfo_codeset=yes
bash_cv_must_reinstall_sighandlers=no
bash_cv_signal_vintage=posix
bash_cv_speed_t_in_sys_types=no
bash_cv_struct_winsize_header=ioctl_h
bash_cv_termcap_lib=libtermcap
bash_cv_tiocstat_in_ioctl=no
bash_cv_void_sighandler=yes

## ----------------- ##
## Output variables. ##
## ----------------- ##

AR='ar'
ARFLAGS='cr'
BUILD_DIR='/u3/iraf/iraf.v214/iraf/pkg/ecl/readline'
CC='gcc'
CFLAGS='-g -O'
CPP='gcc -E'
CPPFLAGS=''
DEFS='-DHAVE_CONFIG_H'
ECHO_C=''
ECHO_N='-n'
ECHO_T=''
EGREP='grep -E'
EXEEXT=''
INSTALL_DATA='${INSTALL} -m 644'
INSTALL_PROGRAM='${INSTALL}'
INSTALL_SCRIPT='${INSTALL}'
LDFLAGS=''
LIBOBJS=''
LIBS=''
LIBVERSION='5.0'
LOCAL_CFLAGS=''
LOCAL_DEFS=''
LOCAL_LDFLAGS=''
LTLIBOBJS=''
MAKE_SHELL='/bin/sh'
OBJEXT='o'
PACKAGE_BUGREPORT='bug-readline@gnu.org'
PACKAGE_NAME='readline'
PACKAGE_STRING='readline 5.0-rc1'
PACKAGE_TARNAME='readline'
PACKAGE_VERSION='5.0-rc1'
PATH_SEPARATOR=':'
RANLIB='ranlib'
SET_MAKE=''
SHARED_INSTALL_TARGET='install-shared'
SHARED_TARGET='shared'
SHELL='/bin/sh'
SHLIB_LIBS=''
SHLIB_LIBSUFF='so'
SHLIB_LIBVERSION='$(SHLIB_LIBSUFF).$(SHLIB_MAJOR)$(SHLIB_MINOR)'
SHLIB_MAJOR='5'
SHLIB_MINOR='0'
SHLIB_STATUS='supported'
SHLIB_XLDFLAGS='-Wl,-rpath,$(libdir) -Wl,-soname,`basename $@ $(SHLIB_MINOR)`'
SHOBJ_CC='gcc'
SHOBJ_CFLAGS='-fPIC'
SHOBJ_LD='${CC}'
SHOBJ_LDFLAGS='-shared -Wl,-soname,$@'
SHOBJ_LIBS=''
SHOBJ_STATUS='supported'
SHOBJ_XLDFLAGS=''
STATIC_INSTALL_TARGET='install-static'
STATIC_TARGET='static'
TERMCAP_LIB='-ltermcap'
ac_ct_CC='gcc'
ac_ct_RANLIB='ranlib'
bindir='${exec_prefix}/bin'
build='i686-pc-linux-gnu'
build_alias=''
build_cpu='i686'
build_os='linux-gnu'
build_vendor='pc'
datadir='${prefix}/share'
exec_prefix='${prefix}'
host='i686-pc-linux-gnu'
host_alias=''
host_cpu='i686'
host_os='linux-gnu'
host_vendor='pc'
includedir='${prefix}/include'
infodir='${prefix}/info'
libdir='${exec_prefix}/lib'
libexecdir='${exec_prefix}/libexec'
localstatedir='${prefix}/var'
mandir='${prefix}/man'
oldincludedir='/usr/include'
prefix='/usr/local'
program_transform_name='s,x,x,'
sbindir='${exec_prefix}/sbin'
sharedstatedir='${prefix}/com'
sysconfdir='${prefix}/etc'
target_alias=''

## ----------- ##
## confdefs.h. ##
## ----------- ##

#define CTYPE_NON_ASCII 1
#define FIONREAD_IN_SYS_IOCTL 1
#define GWINSZ_IN_SYS_IOCTL 1
#define HAVE_DIRENT_H 1
#define HAVE_GETPW_DECLS 1
#define HAVE_INTTYPES_H 1
#define HAVE_ISASCII 1
#define HAVE_ISXDIGIT 1
#define HAVE_LANGINFO_CODESET 1
#define HAVE_LANGINFO_H 1
#define HAVE_LIMITS_H 1
#define HAVE_LOCALE_H 1
#define HAVE_LSTAT 1
#define HAVE_LSTAT 1
#define HAVE_MBRLEN 1
#define HAVE_MBRTOWC 1
#define HAVE_MBSRTOWCS 1
#define HAVE_MBSTATE_T 1
#define HAVE_MEMMOVE 1
#define HAVE_MEMORY_H 1
#define HAVE_MEMORY_H 1
#define HAVE_POSIX_SIGNALS 1
#define HAVE_POSIX_SIGSETJMP 1
#define HAVE_PUTENV 1
#define HAVE_SELECT 1
#define HAVE_SETENV 1
#define HAVE_SETLOCALE 1
#define HAVE_STDARG_H 1
#define HAVE_STDINT_H 1
#define HAVE_STDLIB_H 1
#define HAVE_STDLIB_H 1
#define HAVE_STRCASECMP 1
#define HAVE_STRCOLL 1
#define HAVE_STRINGS_H 1
#define HAVE_STRINGS_H 1
#define HAVE_STRING_H 1
#define HAVE_STRING_H 1
#define HAVE_STRPBRK 1
#define HAVE_STRUCT_DIRENT_D_FILENO 1
#define HAVE_STRUCT_DIRENT_D_INO 1
#define HAVE_SYS_FILE_H 1
#define HAVE_SYS_SELECT_H 1
#define HAVE_SYS_STAT_H 1
#define HAVE_SYS_TYPES_H 1
#define HAVE_TCGETATTR 1
#define HAVE_TERMCAP_H 1
#define HAVE_TERMIOS_H 1
#define HAVE_TERMIO_H 1
#define HAVE_UNISTD_H 1
#define HAVE_UNISTD_H 1
#define HAVE_VARARGS_H 1
#define HAVE_VSNPRINTF 1
#define HAVE_WCHAR_H 1
#define HAVE_WCSDUP 1
#define HAVE_WCTOMB 1
#define HAVE_WCTYPE_H 1
#define HAVE_WCWIDTH 1
#define PACKAGE_BUGREPORT "bug-readline@gnu.org"
#define PACKAGE_NAME "readline"
#define PACKAGE_STRING "readline 5.0-rc1"
#define PACKAGE_TARNAME "readline"
#define PACKAGE_VERSION "5.0-rc1"
#define PROTOTYPES 1
#define RETSIGTYPE void
#define STDC_HEADERS 1
#define STDC_HEADERS 1
#define STRUCT_WINSIZE_IN_SYS_IOCTL 1
#define VOID_SIGHANDLER 1
#define __PROTOTYPES 1

configure: exit 0
